D:\GITHUB\SRV\SERVER\SERVER\SERVER\LUA5.1\DEBUG\LLEX.OBJ
D:\GITHUB\SRV\SERVER\SERVER\SERVER\LUA5.1\DEBUG\LMATHLIB.OBJ
D:\GITHUB\SRV\SERVER\SERVER\SERVER\LUA5.1\DEBUG\LMEM.OBJ
D:\GITHUB\SRV\SERVER\SERVER\SERVER\LUA5.1\DEBUG\LOADLIB.OBJ
D:\GITHUB\SRV\SERVER\SERVER\SERVER\LUA5.1\DEBUG\LOBJECT.OBJ
D:\GITHUB\SRV\SERVER\SERVER\SERVER\LUA5.1\DEBUG\LOPCODES.OBJ
D:\GITHUB\SRV\SERVER\SERVER\SERVER\LUA5.1\DEBUG\LOSLIB.OBJ
D:\GITHUB\SRV\SERVER\SERVER\SERVER\LUA5.1\DEBUG\LPARSER.OBJ
D:\GITHUB\SRV\SERVER\SERVER\SERVER\LUA5.1\DEBUG\LSTATE.OBJ
D:\GITHUB\SRV\SERVER\SERVER\SERVER\LUA5.1\DEBUG\LSTRING.OBJ
D:\GITHUB\SRV\SERVER\SERVER\SERVER\LUA5.1\DEBUG\LSTRLIB.OBJ
D:\GITHUB\SRV\SERVER\SERVER\SERVER\LUA5.1\DEBUG\LTABLE.OBJ
D:\GITHUB\SRV\SERVER\SERVER\SERVER\LUA5.1\DEBUG\LTABLIB.OBJ
D:\GITHUB\SRV\SERVER\SERVER\SERVER\LUA5.1\DEBUG\LTM.OBJ
D:\GITHUB\SRV\SERVER\SERVER\SERVER\LUA5.1\DEBUG\LUA.OBJ
D:\GITHUB\SRV\SERVER\SERVER\SERVER\LUA5.1\DEBUG\LUAC.OBJ
D:\GITHUB\SRV\SERVER\SERVER\SERVER\LUA5.1\DEBUG\LUNDUMP.OBJ
D:\GITHUB\SRV\SERVER\SERVER\SERVER\LUA5.1\DEBUG\LVM.OBJ
D:\GITHUB\SRV\SERVER\SERVER\SERVER\LUA5.1\DEBUG\LZIO.OBJ
D:\GITHUB\SRV\SERVER\SERVER\SERVER\LUA5.1\DEBUG\PRINT.OBJ
D:\GITHUB\SRV\SERVER\SERVER\SERVER\LUA5.1\DEBUG\LAPI.OBJ
D:\GITHUB\SRV\SERVER\SERVER\SERVER\LUA5.1\DEBUG\LAUXLIB.OBJ
D:\GITHUB\SRV\SERVER\SERVER\SERVER\LUA5.1\DEBUG\LBASELIB.OBJ
D:\GITHUB\SRV\SERVER\SERVER\SERVER\LUA5.1\DEBUG\LCODE.OBJ
D:\GITHUB\SRV\SERVER\SERVER\SERVER\LUA5.1\DEBUG\LDBLIB.OBJ
D:\GITHUB\SRV\SERVER\SERVER\SERVER\LUA5.1\DEBUG\LDEBUG.OBJ
D:\GITHUB\SRV\SERVER\SERVER\SERVER\LUA5.1\DEBUG\LDO.OBJ
D:\GITHUB\SRV\SERVER\SERVER\SERVER\LUA5.1\DEBUG\LDUMP.OBJ
D:\GITHUB\SRV\SERVER\SERVER\SERVER\LUA5.1\DEBUG\LFUNC.OBJ
D:\GITHUB\SRV\SERVER\SERVER\SERVER\LUA5.1\DEBUG\LGC.OBJ
D:\GITHUB\SRV\SERVER\SERVER\SERVER\LUA5.1\DEBUG\LINIT.OBJ
D:\GITHUB\SRV\SERVER\SERVER\SERVER\LUA5.1\DEBUG\LIOLIB.OBJ
D:\GITHUB\SRV\SERVER\SERVER\SERVER\LUA5.1\DEBUG\VC110.PDB
D:\GITHUB\SRV\SERVER\SERVER\SERVER\DEBUG\LUA5.1.LIB
D:\GitHub\srv\server\server\server\lua5.1\Debug\lapi.obj
D:\GitHub\srv\server\server\server\lua5.1\Debug\lauxlib.obj
D:\GitHub\srv\server\server\server\lua5.1\Debug\lbaselib.obj
D:\GitHub\srv\server\server\server\lua5.1\Debug\lcode.obj
D:\GitHub\srv\server\server\server\lua5.1\Debug\ldblib.obj
D:\GitHub\srv\server\server\server\lua5.1\Debug\ldebug.obj
D:\GitHub\srv\server\server\server\lua5.1\Debug\ldo.obj
D:\GitHub\srv\server\server\server\lua5.1\Debug\ldump.obj
D:\GitHub\srv\server\server\server\lua5.1\Debug\lfunc.obj
D:\GitHub\srv\server\server\server\lua5.1\Debug\lgc.obj
D:\GitHub\srv\server\server\server\lua5.1\Debug\linit.obj
D:\GitHub\srv\server\server\server\lua5.1\Debug\liolib.obj
D:\GitHub\srv\server\server\server\lua5.1\Debug\llex.obj
D:\GitHub\srv\server\server\server\lua5.1\Debug\lmathlib.obj
D:\GitHub\srv\server\server\server\lua5.1\Debug\lmem.obj
D:\GitHub\srv\server\server\server\lua5.1\Debug\loadlib.obj
D:\GitHub\srv\server\server\server\lua5.1\Debug\lobject.obj
D:\GitHub\srv\server\server\server\lua5.1\Debug\lopcodes.obj
D:\GitHub\srv\server\server\server\lua5.1\Debug\loslib.obj
D:\GitHub\srv\server\server\server\lua5.1\Debug\lparser.obj
D:\GitHub\srv\server\server\server\lua5.1\Debug\lstate.obj
D:\GitHub\srv\server\server\server\lua5.1\Debug\lstring.obj
D:\GitHub\srv\server\server\server\lua5.1\Debug\lstrlib.obj
D:\GitHub\srv\server\server\server\lua5.1\Debug\ltable.obj
D:\GitHub\srv\server\server\server\lua5.1\Debug\ltablib.obj
D:\GitHub\srv\server\server\server\lua5.1\Debug\ltm.obj
D:\GitHub\srv\server\server\server\lua5.1\Debug\lua.obj
D:\GitHub\srv\server\server\server\lua5.1\Debug\luac.obj
D:\GitHub\srv\server\server\server\lua5.1\Debug\lundump.obj
D:\GitHub\srv\server\server\server\lua5.1\Debug\lvm.obj
D:\GitHub\srv\server\server\server\lua5.1\Debug\lzio.obj
D:\GitHub\srv\server\server\server\lua5.1\Debug\print.obj
D:\GitHub\srv\server\server\server\lua5.1\Debug\cl.command.1.tlog
D:\GitHub\srv\server\server\server\lua5.1\Debug\CL.read.1.tlog
D:\GitHub\srv\server\server\server\lua5.1\Debug\CL.write.1.tlog
D:\GitHub\srv\server\server\server\lua5.1\Debug\Lib-link.read.1.tlog
D:\GitHub\srv\server\server\server\lua5.1\Debug\Lib-link.write.1.tlog
D:\GitHub\srv\server\server\server\lua5.1\Debug\lib.command.1.tlog
D:\GitHub\srv\server\server\server\lua5.1\Debug\vc110.idb
D:\GitHub\srv\server\server\server\lua5.1\Debug\vc110.pdb
D:\GitHub\srv\server\server\server\Debug\lua5.1.lib
