D:\GITHUB\SRV\SERVER\SERVER\SERVER\TOLUA++\DEBUG\TOLUABIND_DEFAULT.OBJ
D:\GITHUB\SRV\SERVER\SERVER\SERVER\TOLUA++\DEBUG\TOLUA_EVENT.OBJ
D:\GITHUB\SRV\SERVER\SERVER\SERVER\TOLUA++\DEBUG\TOLUA_IS.OBJ
D:\GITHUB\SRV\SERVER\SERVER\SERVER\TOLUA++\DEBUG\TOLUA_MAP.OBJ
D:\GITHUB\SRV\SERVER\SERVER\SERVER\TOLUA++\DEBUG\TOLUA_PUSH.OBJ
D:\GITHUB\SRV\SERVER\SERVER\SERVER\TOLUA++\DEBUG\TOLUA_TO.OBJ
D:\GITHUB\SRV\SERVER\SERVER\SERVER\TOLUA++\DEBUG\VC110.PDB
D:\GITHUB\SRV\SERVER\SERVER\SERVER\DEBUG\TOLUA++.LIB
G:\aoe项目\GitHub\srv\server\server\server\tolua++\Debug\toluabind_default.obj
G:\aoe项目\GitHub\srv\server\server\server\tolua++\Debug\tolua_event.obj
G:\aoe项目\GitHub\srv\server\server\server\tolua++\Debug\tolua_is.obj
G:\aoe项目\GitHub\srv\server\server\server\tolua++\Debug\tolua_map.obj
G:\aoe项目\GitHub\srv\server\server\server\tolua++\Debug\tolua_push.obj
G:\aoe项目\GitHub\srv\server\server\server\tolua++\Debug\tolua_to.obj
G:\aoe项目\GitHub\srv\server\server\server\tolua++\Debug\cl.command.1.tlog
G:\aoe项目\GitHub\srv\server\server\server\tolua++\Debug\CL.read.1.tlog
G:\aoe项目\GitHub\srv\server\server\server\tolua++\Debug\CL.write.1.tlog
G:\aoe项目\GitHub\srv\server\server\server\tolua++\Debug\Lib-link.read.1.tlog
G:\aoe项目\GitHub\srv\server\server\server\tolua++\Debug\Lib-link.write.1.tlog
G:\aoe项目\GitHub\srv\server\server\server\tolua++\Debug\lib.command.1.tlog
G:\aoe项目\GitHub\srv\server\server\server\tolua++\Debug\vc110.idb
G:\aoe项目\GitHub\srv\server\server\server\tolua++\Debug\vc110.pdb
G:\aoe项目\GitHub\srv\server\server\server\Debug\tolua++.lib
