生成启动时间为 2017/7/20 18:01:44。
     1>项目“D:\GitHub\srv\server\server\server\tolua++\tolua++.vcxproj”在节点 2 上(Build 个目标)。
     1>ClCompile:
         D:\VS2012\VC\bin\CL.exe /c /I"../../../lib/lua-5.1.5/src" /ZI /nologo /W3 /WX- /sdl /Od /Oy- /D WIN32 /D _DEBUG /D _LIB /D _CRT_SECURE_NO_DEPRECATE /D _UNICODE /D UNICODE /Gm /EHsc /RTC1 /MDd /GS /fp:precise /Zc:wchar_t /Zc:forScope /Fo"Debug\\" /Fd"Debug\vc110.pdb" /Gd /TC /analyze- /errorReport:prompt ..\..\..\lib\tolua++\src\toluabind_default.c ..\..\..\lib\tolua++\src\tolua_event.c ..\..\..\lib\tolua++\src\tolua_is.c ..\..\..\lib\tolua++\src\tolua_map.c ..\..\..\lib\tolua++\src\tolua_push.c ..\..\..\lib\tolua++\src\tolua_to.c
         tolua_to.c
         tolua_push.c
         tolua_map.c
     1>d:\github\srv\server\lib\tolua++\src\tolua_map.c(398): warning C4090: “函数”: 不同的“const”限定符
         tolua_is.c
     1>d:\github\srv\server\lib\tolua++\src\tolua_is.c(119): warning C4114: 多次使用同一类型限定符
         tolua_event.c
         toluabind_default.c
         正在生成代码...
       Lib:
         D:\VS2012\VC\bin\Lib.exe /OUT:"D:\GitHub\srv\server\server\server\Debug\tolua++.lib" /NOLOGO Debug\toluabind_default.obj
         Debug\tolua_event.obj
         Debug\tolua_is.obj
         Debug\tolua_map.obj
         Debug\tolua_push.obj
         Debug\tolua_to.obj
         tolua++.vcxproj -> D:\GitHub\srv\server\server\server\Debug\tolua++.lib
     1>已完成生成项目“D:\GitHub\srv\server\server\server\tolua++\tolua++.vcxproj”(Build 个目标)的操作。

生成成功。

已用时间 00:00:00.57
